2025-01-26 10:32:24,193:WARNING:
'cuml' is a soft dependency and not included in the pycaret installation. Please run: `pip install cuml` to install.
2025-01-26 10:32:24,193:WARNING:
'cuml' is a soft dependency and not included in the pycaret installation. Please run: `pip install cuml` to install.
2025-01-26 10:32:24,193:WARNING:
'cuml' is a soft dependency and not included in the pycaret installation. Please run: `pip install cuml` to install.
2025-01-26 10:32:24,193:WARNING:
'cuml' is a soft dependency and not included in the pycaret installation. Please run: `pip install cuml` to install.
2025-01-26 10:33:00,706:INFO:Initializing load_model()
2025-01-26 10:33:00,707:INFO:load_model(model_name=Final LightGBM Model, platform=None, authentication=None, verbose=True)
2025-01-26 10:33:21,543:INFO:Initializing load_model()
2025-01-26 10:33:21,543:INFO:load_model(model_name=Final LightGBM Model, platform=None, authentication=None, verbose=True)
2025-01-26 10:34:00,213:INFO:Initializing load_model()
2025-01-26 10:34:00,213:INFO:load_model(model_name=Final LightGBM Model, platform=None, authentication=None, verbose=True)
2025-01-26 10:34:01,021:WARNING:C:\Users\rodri\anaconda3\Lib\site-packages\pycaret\internal\pipeline.py:148: UserWarning: Version mismatch:
current: {'deps_info': {'pip': '24.3.1', 'setuptools': '75.8.0', 'pycaret': '3.3.2', 'IPython': '8.12.0', 'ipywidgets': '8.0.4', 'tqdm': '4.65.0', 'numpy': '1.26.4', 'pandas': '2.1.4', 'jinja2': '3.1.2', 'scipy': '1.10.1', 'joblib': '1.3.2', 'sklearn': '1.4.2', 'pyod': '2.0.3', 'imblearn': '0.13.0', 'category_encoders': '2.7.0', 'lightgbm': '4.5.0', 'numba': '0.60.0', 'requests': '2.31.0', 'matplotlib': '3.7.1', 'scikitplot': '0.3.7', 'yellowbrick': '1.5', 'plotly': '5.24.1', 'plotly-resampler': 'Not installed', 'kaleido': '0.2.1', 'schemdraw': '0.15', 'statsmodels': '0.14.0', 'sktime': '0.26.0', 'tbats': '1.1.3', 'pmdarima': '2.0.4', 'psutil': '5.9.0', 'markupsafe': '2.1.1', 'pickle5': 'Not installed', 'cloudpickle': '2.2.1', 'deprecation': '2.1.0', 'xxhash': '3.5.0', 'wurlitzer': 'Not installed'}, 'python': {'version': '3.11.4', 'machine': 'AMD64'}}
pickle: {'deps_info': {'pip': '24.3.1', 'setuptools': '68.0.0', 'pycaret': '3.3.2', 'IPython': '8.12.0', 'ipywidgets': '8.0.4', 'tqdm': '4.65.0', 'numpy': '1.24.3', 'pandas': '2.1.4', 'jinja2': '3.1.2', 'scipy': '1.10.1', 'joblib': '1.3.2', 'sklearn': '1.4.2', 'pyod': '2.0.3', 'imblearn': '0.13.0', 'category_encoders': '2.7.0', 'lightgbm': '4.5.0', 'numba': '0.60.0', 'requests': '2.31.0', 'matplotlib': '3.7.1', 'scikitplot': '0.3.7', 'yellowbrick': '1.5', 'plotly': '5.24.1', 'plotly-resampler': 'Not installed', 'kaleido': '0.2.1', 'schemdraw': '0.15', 'statsmodels': '0.14.0', 'sktime': '0.26.0', 'tbats': '1.1.3', 'pmdarima': '2.0.4', 'psutil': '5.9.0', 'markupsafe': '2.1.1', 'pickle5': 'Not installed', 'cloudpickle': '2.2.1', 'deprecation': '2.1.0', 'xxhash': '3.5.0', 'wurlitzer': 'Not installed'}, 'python': {'version': '3.11.4', 'machine': 'AMD64'}}
  warnings.warn(

2025-01-26 10:34:04,901:INFO:Initializing predict_model()
2025-01-26 10:34:04,901:INFO:predict_model(self=<pycaret.classification.oop.ClassificationExperiment object at 0x0000024A18F44C10>, estimator=Pipeline(memory=Memory(location=None),
         steps=[('numerical_imputer',
                 TransformerWrapper(include=['qtd_filhos', 'idade',
                                             'tempo_emprego',
                                             'qt_pessoas_residencia', 'renda'],
                                    transformer=SimpleImputer())),
                ('categorical_imputer',
                 TransformerWrapper(include=['sexo', 'posse_de_veiculo',
                                             'posse_de_imovel', 'tipo_renda',
                                             'educacao', 'estado_civil',
                                             'tipo_residencia'],
                                    tra...
                                                                    'estado_civil',
                                                                    'tipo_residencia'],
                                                              handle_missing='return_nan',
                                                              use_cat_names=True))),
                ('actual_estimator',
                 LGBMClassifier(bagging_fraction=0.9, bagging_freq=3,
                                class_weight='balanced', feature_fraction=0.5,
                                learning_rate=0.4, min_child_samples=6,
                                min_split_gain=0.3, n_estimators=20, n_jobs=-1,
                                num_leaves=150, random_state=123,
                                reg_alpha=0.005, reg_lambda=0.0005))]), probability_threshold=None, encoded_labels=False, raw_score=False, round=4, verbose=True, ml_usecase=None, preprocess=True, encode_labels=<function _SupervisedExperiment.predict_model.<locals>.encode_labels at 0x0000024A28327CE0>)
2025-01-26 10:34:04,901:INFO:Checking exceptions
2025-01-26 10:34:04,901:INFO:Preloading libraries
2025-01-26 10:34:04,901:INFO:Set up data.
2025-01-26 10:34:04,924:INFO:Set up index.
2025-01-26 10:34:46,268:INFO:Initializing load_model()
2025-01-26 10:34:46,268:INFO:load_model(model_name=Final LightGBM Model, platform=None, authentication=None, verbose=True)
2025-01-26 10:34:46,283:WARNING:C:\Users\rodri\anaconda3\Lib\site-packages\pycaret\internal\pipeline.py:148: UserWarning: Version mismatch:
current: {'deps_info': {'pip': '24.3.1', 'setuptools': '75.8.0', 'pycaret': '3.3.2', 'IPython': '8.12.0', 'ipywidgets': '8.0.4', 'tqdm': '4.65.0', 'numpy': '1.26.4', 'pandas': '2.1.4', 'jinja2': '3.1.2', 'scipy': '1.10.1', 'joblib': '1.3.2', 'sklearn': '1.4.2', 'pyod': '2.0.3', 'imblearn': '0.13.0', 'category_encoders': '2.7.0', 'lightgbm': '4.5.0', 'numba': '0.60.0', 'requests': '2.31.0', 'matplotlib': '3.7.1', 'scikitplot': '0.3.7', 'yellowbrick': '1.5', 'plotly': '5.24.1', 'plotly-resampler': 'Not installed', 'kaleido': '0.2.1', 'schemdraw': '0.15', 'statsmodels': '0.14.0', 'sktime': '0.26.0', 'tbats': '1.1.3', 'pmdarima': '2.0.4', 'psutil': '5.9.0', 'markupsafe': '2.1.1', 'pickle5': 'Not installed', 'cloudpickle': '2.2.1', 'deprecation': '2.1.0', 'xxhash': '3.5.0', 'wurlitzer': 'Not installed'}, 'python': {'version': '3.11.4', 'machine': 'AMD64'}}
pickle: {'deps_info': {'pip': '24.3.1', 'setuptools': '68.0.0', 'pycaret': '3.3.2', 'IPython': '8.12.0', 'ipywidgets': '8.0.4', 'tqdm': '4.65.0', 'numpy': '1.24.3', 'pandas': '2.1.4', 'jinja2': '3.1.2', 'scipy': '1.10.1', 'joblib': '1.3.2', 'sklearn': '1.4.2', 'pyod': '2.0.3', 'imblearn': '0.13.0', 'category_encoders': '2.7.0', 'lightgbm': '4.5.0', 'numba': '0.60.0', 'requests': '2.31.0', 'matplotlib': '3.7.1', 'scikitplot': '0.3.7', 'yellowbrick': '1.5', 'plotly': '5.24.1', 'plotly-resampler': 'Not installed', 'kaleido': '0.2.1', 'schemdraw': '0.15', 'statsmodels': '0.14.0', 'sktime': '0.26.0', 'tbats': '1.1.3', 'pmdarima': '2.0.4', 'psutil': '5.9.0', 'markupsafe': '2.1.1', 'pickle5': 'Not installed', 'cloudpickle': '2.2.1', 'deprecation': '2.1.0', 'xxhash': '3.5.0', 'wurlitzer': 'Not installed'}, 'python': {'version': '3.11.4', 'machine': 'AMD64'}}
  warnings.warn(

2025-01-26 10:34:49,993:INFO:Initializing predict_model()
2025-01-26 10:34:49,993:INFO:predict_model(self=<pycaret.classification.oop.ClassificationExperiment object at 0x0000024A27FB0210>, estimator=Pipeline(memory=Memory(location=None),
         steps=[('numerical_imputer',
                 TransformerWrapper(include=['qtd_filhos', 'idade',
                                             'tempo_emprego',
                                             'qt_pessoas_residencia', 'renda'],
                                    transformer=SimpleImputer())),
                ('categorical_imputer',
                 TransformerWrapper(include=['sexo', 'posse_de_veiculo',
                                             'posse_de_imovel', 'tipo_renda',
                                             'educacao', 'estado_civil',
                                             'tipo_residencia'],
                                    tra...
                                                                    'estado_civil',
                                                                    'tipo_residencia'],
                                                              handle_missing='return_nan',
                                                              use_cat_names=True))),
                ('actual_estimator',
                 LGBMClassifier(bagging_fraction=0.9, bagging_freq=3,
                                class_weight='balanced', feature_fraction=0.5,
                                learning_rate=0.4, min_child_samples=6,
                                min_split_gain=0.3, n_estimators=20, n_jobs=-1,
                                num_leaves=150, random_state=123,
                                reg_alpha=0.005, reg_lambda=0.0005))]), probability_threshold=None, encoded_labels=False, raw_score=False, round=4, verbose=True, ml_usecase=None, preprocess=True, encode_labels=<function _SupervisedExperiment.predict_model.<locals>.encode_labels at 0x0000024A279F58A0>)
2025-01-26 10:34:49,993:INFO:Checking exceptions
2025-01-26 10:34:49,993:INFO:Preloading libraries
2025-01-26 10:34:49,994:INFO:Set up data.
2025-01-26 10:34:50,016:INFO:Set up index.
2025-01-26 10:34:53,881:INFO:Initializing load_model()
2025-01-26 10:34:53,881:INFO:load_model(model_name=Final LightGBM Model, platform=None, authentication=None, verbose=True)
2025-01-26 10:34:53,889:WARNING:C:\Users\rodri\anaconda3\Lib\site-packages\pycaret\internal\pipeline.py:148: UserWarning: Version mismatch:
current: {'deps_info': {'pip': '24.3.1', 'setuptools': '75.8.0', 'pycaret': '3.3.2', 'IPython': '8.12.0', 'ipywidgets': '8.0.4', 'tqdm': '4.65.0', 'numpy': '1.26.4', 'pandas': '2.1.4', 'jinja2': '3.1.2', 'scipy': '1.10.1', 'joblib': '1.3.2', 'sklearn': '1.4.2', 'pyod': '2.0.3', 'imblearn': '0.13.0', 'category_encoders': '2.7.0', 'lightgbm': '4.5.0', 'numba': '0.60.0', 'requests': '2.31.0', 'matplotlib': '3.7.1', 'scikitplot': '0.3.7', 'yellowbrick': '1.5', 'plotly': '5.24.1', 'plotly-resampler': 'Not installed', 'kaleido': '0.2.1', 'schemdraw': '0.15', 'statsmodels': '0.14.0', 'sktime': '0.26.0', 'tbats': '1.1.3', 'pmdarima': '2.0.4', 'psutil': '5.9.0', 'markupsafe': '2.1.1', 'pickle5': 'Not installed', 'cloudpickle': '2.2.1', 'deprecation': '2.1.0', 'xxhash': '3.5.0', 'wurlitzer': 'Not installed'}, 'python': {'version': '3.11.4', 'machine': 'AMD64'}}
pickle: {'deps_info': {'pip': '24.3.1', 'setuptools': '68.0.0', 'pycaret': '3.3.2', 'IPython': '8.12.0', 'ipywidgets': '8.0.4', 'tqdm': '4.65.0', 'numpy': '1.24.3', 'pandas': '2.1.4', 'jinja2': '3.1.2', 'scipy': '1.10.1', 'joblib': '1.3.2', 'sklearn': '1.4.2', 'pyod': '2.0.3', 'imblearn': '0.13.0', 'category_encoders': '2.7.0', 'lightgbm': '4.5.0', 'numba': '0.60.0', 'requests': '2.31.0', 'matplotlib': '3.7.1', 'scikitplot': '0.3.7', 'yellowbrick': '1.5', 'plotly': '5.24.1', 'plotly-resampler': 'Not installed', 'kaleido': '0.2.1', 'schemdraw': '0.15', 'statsmodels': '0.14.0', 'sktime': '0.26.0', 'tbats': '1.1.3', 'pmdarima': '2.0.4', 'psutil': '5.9.0', 'markupsafe': '2.1.1', 'pickle5': 'Not installed', 'cloudpickle': '2.2.1', 'deprecation': '2.1.0', 'xxhash': '3.5.0', 'wurlitzer': 'Not installed'}, 'python': {'version': '3.11.4', 'machine': 'AMD64'}}
  warnings.warn(

2025-01-26 10:37:28,747:INFO:Initializing load_model()
2025-01-26 10:37:28,748:INFO:load_model(model_name=Final LightGBM Model, platform=None, authentication=None, verbose=True)
2025-01-26 10:37:28,757:WARNING:C:\Users\rodri\anaconda3\Lib\site-packages\pycaret\internal\pipeline.py:148: UserWarning: Version mismatch:
current: {'deps_info': {'pip': '24.3.1', 'setuptools': '75.8.0', 'pycaret': '3.3.2', 'IPython': '8.12.0', 'ipywidgets': '8.0.4', 'tqdm': '4.65.0', 'numpy': '1.26.4', 'pandas': '2.1.4', 'jinja2': '3.1.2', 'scipy': '1.10.1', 'joblib': '1.3.2', 'sklearn': '1.4.2', 'pyod': '2.0.3', 'imblearn': '0.13.0', 'category_encoders': '2.7.0', 'lightgbm': '4.5.0', 'numba': '0.60.0', 'requests': '2.31.0', 'matplotlib': '3.7.1', 'scikitplot': '0.3.7', 'yellowbrick': '1.5', 'plotly': '5.24.1', 'plotly-resampler': 'Not installed', 'kaleido': '0.2.1', 'schemdraw': '0.15', 'statsmodels': '0.14.0', 'sktime': '0.26.0', 'tbats': '1.1.3', 'pmdarima': '2.0.4', 'psutil': '5.9.0', 'markupsafe': '2.1.1', 'pickle5': 'Not installed', 'cloudpickle': '2.2.1', 'deprecation': '2.1.0', 'xxhash': '3.5.0', 'wurlitzer': 'Not installed'}, 'python': {'version': '3.11.4', 'machine': 'AMD64'}}
pickle: {'deps_info': {'pip': '24.3.1', 'setuptools': '68.0.0', 'pycaret': '3.3.2', 'IPython': '8.12.0', 'ipywidgets': '8.0.4', 'tqdm': '4.65.0', 'numpy': '1.24.3', 'pandas': '2.1.4', 'jinja2': '3.1.2', 'scipy': '1.10.1', 'joblib': '1.3.2', 'sklearn': '1.4.2', 'pyod': '2.0.3', 'imblearn': '0.13.0', 'category_encoders': '2.7.0', 'lightgbm': '4.5.0', 'numba': '0.60.0', 'requests': '2.31.0', 'matplotlib': '3.7.1', 'scikitplot': '0.3.7', 'yellowbrick': '1.5', 'plotly': '5.24.1', 'plotly-resampler': 'Not installed', 'kaleido': '0.2.1', 'schemdraw': '0.15', 'statsmodels': '0.14.0', 'sktime': '0.26.0', 'tbats': '1.1.3', 'pmdarima': '2.0.4', 'psutil': '5.9.0', 'markupsafe': '2.1.1', 'pickle5': 'Not installed', 'cloudpickle': '2.2.1', 'deprecation': '2.1.0', 'xxhash': '3.5.0', 'wurlitzer': 'Not installed'}, 'python': {'version': '3.11.4', 'machine': 'AMD64'}}
  warnings.warn(

2025-01-26 10:37:29,273:INFO:Initializing load_model()
2025-01-26 10:37:29,273:INFO:load_model(model_name=Final LightGBM Model, platform=None, authentication=None, verbose=True)
2025-01-26 10:37:29,282:WARNING:C:\Users\rodri\anaconda3\Lib\site-packages\pycaret\internal\pipeline.py:148: UserWarning: Version mismatch:
current: {'deps_info': {'pip': '24.3.1', 'setuptools': '75.8.0', 'pycaret': '3.3.2', 'IPython': '8.12.0', 'ipywidgets': '8.0.4', 'tqdm': '4.65.0', 'numpy': '1.26.4', 'pandas': '2.1.4', 'jinja2': '3.1.2', 'scipy': '1.10.1', 'joblib': '1.3.2', 'sklearn': '1.4.2', 'pyod': '2.0.3', 'imblearn': '0.13.0', 'category_encoders': '2.7.0', 'lightgbm': '4.5.0', 'numba': '0.60.0', 'requests': '2.31.0', 'matplotlib': '3.7.1', 'scikitplot': '0.3.7', 'yellowbrick': '1.5', 'plotly': '5.24.1', 'plotly-resampler': 'Not installed', 'kaleido': '0.2.1', 'schemdraw': '0.15', 'statsmodels': '0.14.0', 'sktime': '0.26.0', 'tbats': '1.1.3', 'pmdarima': '2.0.4', 'psutil': '5.9.0', 'markupsafe': '2.1.1', 'pickle5': 'Not installed', 'cloudpickle': '2.2.1', 'deprecation': '2.1.0', 'xxhash': '3.5.0', 'wurlitzer': 'Not installed'}, 'python': {'version': '3.11.4', 'machine': 'AMD64'}}
pickle: {'deps_info': {'pip': '24.3.1', 'setuptools': '68.0.0', 'pycaret': '3.3.2', 'IPython': '8.12.0', 'ipywidgets': '8.0.4', 'tqdm': '4.65.0', 'numpy': '1.24.3', 'pandas': '2.1.4', 'jinja2': '3.1.2', 'scipy': '1.10.1', 'joblib': '1.3.2', 'sklearn': '1.4.2', 'pyod': '2.0.3', 'imblearn': '0.13.0', 'category_encoders': '2.7.0', 'lightgbm': '4.5.0', 'numba': '0.60.0', 'requests': '2.31.0', 'matplotlib': '3.7.1', 'scikitplot': '0.3.7', 'yellowbrick': '1.5', 'plotly': '5.24.1', 'plotly-resampler': 'Not installed', 'kaleido': '0.2.1', 'schemdraw': '0.15', 'statsmodels': '0.14.0', 'sktime': '0.26.0', 'tbats': '1.1.3', 'pmdarima': '2.0.4', 'psutil': '5.9.0', 'markupsafe': '2.1.1', 'pickle5': 'Not installed', 'cloudpickle': '2.2.1', 'deprecation': '2.1.0', 'xxhash': '3.5.0', 'wurlitzer': 'Not installed'}, 'python': {'version': '3.11.4', 'machine': 'AMD64'}}
  warnings.warn(

2025-01-26 10:37:33,131:INFO:Initializing predict_model()
2025-01-26 10:37:33,131:INFO:predict_model(self=<pycaret.classification.oop.ClassificationExperiment object at 0x0000024A2829B6D0>, estimator=Pipeline(memory=Memory(location=None),
         steps=[('numerical_imputer',
                 TransformerWrapper(include=['qtd_filhos', 'idade',
                                             'tempo_emprego',
                                             'qt_pessoas_residencia', 'renda'],
                                    transformer=SimpleImputer())),
                ('categorical_imputer',
                 TransformerWrapper(include=['sexo', 'posse_de_veiculo',
                                             'posse_de_imovel', 'tipo_renda',
                                             'educacao', 'estado_civil',
                                             'tipo_residencia'],
                                    tra...
                                                                    'estado_civil',
                                                                    'tipo_residencia'],
                                                              handle_missing='return_nan',
                                                              use_cat_names=True))),
                ('actual_estimator',
                 LGBMClassifier(bagging_fraction=0.9, bagging_freq=3,
                                class_weight='balanced', feature_fraction=0.5,
                                learning_rate=0.4, min_child_samples=6,
                                min_split_gain=0.3, n_estimators=20, n_jobs=-1,
                                num_leaves=150, random_state=123,
                                reg_alpha=0.005, reg_lambda=0.0005))]), probability_threshold=None, encoded_labels=False, raw_score=False, round=4, verbose=True, ml_usecase=None, preprocess=True, encode_labels=<function _SupervisedExperiment.predict_model.<locals>.encode_labels at 0x0000024A18DFAE80>)
2025-01-26 10:37:33,131:INFO:Checking exceptions
2025-01-26 10:37:33,131:INFO:Preloading libraries
2025-01-26 10:37:33,131:INFO:Set up data.
2025-01-26 10:37:33,161:INFO:Set up index.
2025-01-26 10:40:56,309:INFO:Initializing load_model()
2025-01-26 10:40:56,310:INFO:load_model(model_name=Final LightGBM Model, platform=None, authentication=None, verbose=True)
2025-01-26 10:40:56,319:WARNING:C:\Users\rodri\anaconda3\Lib\site-packages\pycaret\internal\pipeline.py:148: UserWarning: Version mismatch:
current: {'deps_info': {'pip': '24.3.1', 'setuptools': '75.8.0', 'pycaret': '3.3.2', 'IPython': '8.12.0', 'ipywidgets': '8.0.4', 'tqdm': '4.65.0', 'numpy': '1.26.4', 'pandas': '2.1.4', 'jinja2': '3.1.2', 'scipy': '1.10.1', 'joblib': '1.3.2', 'sklearn': '1.4.2', 'pyod': '2.0.3', 'imblearn': '0.13.0', 'category_encoders': '2.7.0', 'lightgbm': '4.5.0', 'numba': '0.60.0', 'requests': '2.31.0', 'matplotlib': '3.7.1', 'scikitplot': '0.3.7', 'yellowbrick': '1.5', 'plotly': '5.24.1', 'plotly-resampler': 'Not installed', 'kaleido': '0.2.1', 'schemdraw': '0.15', 'statsmodels': '0.14.0', 'sktime': '0.26.0', 'tbats': '1.1.3', 'pmdarima': '2.0.4', 'psutil': '5.9.0', 'markupsafe': '2.1.1', 'pickle5': 'Not installed', 'cloudpickle': '2.2.1', 'deprecation': '2.1.0', 'xxhash': '3.5.0', 'wurlitzer': 'Not installed'}, 'python': {'version': '3.11.4', 'machine': 'AMD64'}}
pickle: {'deps_info': {'pip': '24.3.1', 'setuptools': '68.0.0', 'pycaret': '3.3.2', 'IPython': '8.12.0', 'ipywidgets': '8.0.4', 'tqdm': '4.65.0', 'numpy': '1.24.3', 'pandas': '2.1.4', 'jinja2': '3.1.2', 'scipy': '1.10.1', 'joblib': '1.3.2', 'sklearn': '1.4.2', 'pyod': '2.0.3', 'imblearn': '0.13.0', 'category_encoders': '2.7.0', 'lightgbm': '4.5.0', 'numba': '0.60.0', 'requests': '2.31.0', 'matplotlib': '3.7.1', 'scikitplot': '0.3.7', 'yellowbrick': '1.5', 'plotly': '5.24.1', 'plotly-resampler': 'Not installed', 'kaleido': '0.2.1', 'schemdraw': '0.15', 'statsmodels': '0.14.0', 'sktime': '0.26.0', 'tbats': '1.1.3', 'pmdarima': '2.0.4', 'psutil': '5.9.0', 'markupsafe': '2.1.1', 'pickle5': 'Not installed', 'cloudpickle': '2.2.1', 'deprecation': '2.1.0', 'xxhash': '3.5.0', 'wurlitzer': 'Not installed'}, 'python': {'version': '3.11.4', 'machine': 'AMD64'}}
  warnings.warn(

2025-01-26 10:41:00,476:INFO:Initializing predict_model()
2025-01-26 10:41:00,476:INFO:predict_model(self=<pycaret.classification.oop.ClassificationExperiment object at 0x0000024A27A1EB50>, estimator=Pipeline(memory=Memory(location=None),
         steps=[('numerical_imputer',
                 TransformerWrapper(include=['qtd_filhos', 'idade',
                                             'tempo_emprego',
                                             'qt_pessoas_residencia', 'renda'],
                                    transformer=SimpleImputer())),
                ('categorical_imputer',
                 TransformerWrapper(include=['sexo', 'posse_de_veiculo',
                                             'posse_de_imovel', 'tipo_renda',
                                             'educacao', 'estado_civil',
                                             'tipo_residencia'],
                                    tra...
                                                                    'estado_civil',
                                                                    'tipo_residencia'],
                                                              handle_missing='return_nan',
                                                              use_cat_names=True))),
                ('actual_estimator',
                 LGBMClassifier(bagging_fraction=0.9, bagging_freq=3,
                                class_weight='balanced', feature_fraction=0.5,
                                learning_rate=0.4, min_child_samples=6,
                                min_split_gain=0.3, n_estimators=20, n_jobs=-1,
                                num_leaves=150, random_state=123,
                                reg_alpha=0.005, reg_lambda=0.0005))]), probability_threshold=None, encoded_labels=False, raw_score=False, round=4, verbose=True, ml_usecase=None, preprocess=True, encode_labels=<function _SupervisedExperiment.predict_model.<locals>.encode_labels at 0x0000024A18F5D300>)
2025-01-26 10:41:00,477:INFO:Checking exceptions
2025-01-26 10:41:00,477:INFO:Preloading libraries
2025-01-26 10:41:00,477:INFO:Set up data.
2025-01-26 10:41:00,502:INFO:Set up index.
2025-01-26 10:41:11,089:INFO:Initializing load_model()
2025-01-26 10:41:11,089:INFO:load_model(model_name=Final LightGBM Model, platform=None, authentication=None, verbose=True)
2025-01-26 10:41:11,103:WARNING:C:\Users\rodri\anaconda3\Lib\site-packages\pycaret\internal\pipeline.py:148: UserWarning: Version mismatch:
current: {'deps_info': {'pip': '24.3.1', 'setuptools': '75.8.0', 'pycaret': '3.3.2', 'IPython': '8.12.0', 'ipywidgets': '8.0.4', 'tqdm': '4.65.0', 'numpy': '1.26.4', 'pandas': '2.1.4', 'jinja2': '3.1.2', 'scipy': '1.10.1', 'joblib': '1.3.2', 'sklearn': '1.4.2', 'pyod': '2.0.3', 'imblearn': '0.13.0', 'category_encoders': '2.7.0', 'lightgbm': '4.5.0', 'numba': '0.60.0', 'requests': '2.31.0', 'matplotlib': '3.7.1', 'scikitplot': '0.3.7', 'yellowbrick': '1.5', 'plotly': '5.24.1', 'plotly-resampler': 'Not installed', 'kaleido': '0.2.1', 'schemdraw': '0.15', 'statsmodels': '0.14.0', 'sktime': '0.26.0', 'tbats': '1.1.3', 'pmdarima': '2.0.4', 'psutil': '5.9.0', 'markupsafe': '2.1.1', 'pickle5': 'Not installed', 'cloudpickle': '2.2.1', 'deprecation': '2.1.0', 'xxhash': '3.5.0', 'wurlitzer': 'Not installed'}, 'python': {'version': '3.11.4', 'machine': 'AMD64'}}
pickle: {'deps_info': {'pip': '24.3.1', 'setuptools': '68.0.0', 'pycaret': '3.3.2', 'IPython': '8.12.0', 'ipywidgets': '8.0.4', 'tqdm': '4.65.0', 'numpy': '1.24.3', 'pandas': '2.1.4', 'jinja2': '3.1.2', 'scipy': '1.10.1', 'joblib': '1.3.2', 'sklearn': '1.4.2', 'pyod': '2.0.3', 'imblearn': '0.13.0', 'category_encoders': '2.7.0', 'lightgbm': '4.5.0', 'numba': '0.60.0', 'requests': '2.31.0', 'matplotlib': '3.7.1', 'scikitplot': '0.3.7', 'yellowbrick': '1.5', 'plotly': '5.24.1', 'plotly-resampler': 'Not installed', 'kaleido': '0.2.1', 'schemdraw': '0.15', 'statsmodels': '0.14.0', 'sktime': '0.26.0', 'tbats': '1.1.3', 'pmdarima': '2.0.4', 'psutil': '5.9.0', 'markupsafe': '2.1.1', 'pickle5': 'Not installed', 'cloudpickle': '2.2.1', 'deprecation': '2.1.0', 'xxhash': '3.5.0', 'wurlitzer': 'Not installed'}, 'python': {'version': '3.11.4', 'machine': 'AMD64'}}
  warnings.warn(

2025-01-26 10:41:18,423:INFO:Initializing load_model()
2025-01-26 10:41:18,423:INFO:load_model(model_name=Final LightGBM Model, platform=None, authentication=None, verbose=True)
2025-01-26 10:41:18,436:WARNING:C:\Users\rodri\anaconda3\Lib\site-packages\pycaret\internal\pipeline.py:148: UserWarning: Version mismatch:
current: {'deps_info': {'pip': '24.3.1', 'setuptools': '75.8.0', 'pycaret': '3.3.2', 'IPython': '8.12.0', 'ipywidgets': '8.0.4', 'tqdm': '4.65.0', 'numpy': '1.26.4', 'pandas': '2.1.4', 'jinja2': '3.1.2', 'scipy': '1.10.1', 'joblib': '1.3.2', 'sklearn': '1.4.2', 'pyod': '2.0.3', 'imblearn': '0.13.0', 'category_encoders': '2.7.0', 'lightgbm': '4.5.0', 'numba': '0.60.0', 'requests': '2.31.0', 'matplotlib': '3.7.1', 'scikitplot': '0.3.7', 'yellowbrick': '1.5', 'plotly': '5.24.1', 'plotly-resampler': 'Not installed', 'kaleido': '0.2.1', 'schemdraw': '0.15', 'statsmodels': '0.14.0', 'sktime': '0.26.0', 'tbats': '1.1.3', 'pmdarima': '2.0.4', 'psutil': '5.9.0', 'markupsafe': '2.1.1', 'pickle5': 'Not installed', 'cloudpickle': '2.2.1', 'deprecation': '2.1.0', 'xxhash': '3.5.0', 'wurlitzer': 'Not installed'}, 'python': {'version': '3.11.4', 'machine': 'AMD64'}}
pickle: {'deps_info': {'pip': '24.3.1', 'setuptools': '68.0.0', 'pycaret': '3.3.2', 'IPython': '8.12.0', 'ipywidgets': '8.0.4', 'tqdm': '4.65.0', 'numpy': '1.24.3', 'pandas': '2.1.4', 'jinja2': '3.1.2', 'scipy': '1.10.1', 'joblib': '1.3.2', 'sklearn': '1.4.2', 'pyod': '2.0.3', 'imblearn': '0.13.0', 'category_encoders': '2.7.0', 'lightgbm': '4.5.0', 'numba': '0.60.0', 'requests': '2.31.0', 'matplotlib': '3.7.1', 'scikitplot': '0.3.7', 'yellowbrick': '1.5', 'plotly': '5.24.1', 'plotly-resampler': 'Not installed', 'kaleido': '0.2.1', 'schemdraw': '0.15', 'statsmodels': '0.14.0', 'sktime': '0.26.0', 'tbats': '1.1.3', 'pmdarima': '2.0.4', 'psutil': '5.9.0', 'markupsafe': '2.1.1', 'pickle5': 'Not installed', 'cloudpickle': '2.2.1', 'deprecation': '2.1.0', 'xxhash': '3.5.0', 'wurlitzer': 'Not installed'}, 'python': {'version': '3.11.4', 'machine': 'AMD64'}}
  warnings.warn(

2025-01-26 10:41:22,596:INFO:Initializing predict_model()
2025-01-26 10:41:22,596:INFO:predict_model(self=<pycaret.classification.oop.ClassificationExperiment object at 0x0000024A28343DD0>, estimator=Pipeline(memory=Memory(location=None),
         steps=[('numerical_imputer',
                 TransformerWrapper(include=['qtd_filhos', 'idade',
                                             'tempo_emprego',
                                             'qt_pessoas_residencia', 'renda'],
                                    transformer=SimpleImputer())),
                ('categorical_imputer',
                 TransformerWrapper(include=['sexo', 'posse_de_veiculo',
                                             'posse_de_imovel', 'tipo_renda',
                                             'educacao', 'estado_civil',
                                             'tipo_residencia'],
                                    tra...
                                                                    'estado_civil',
                                                                    'tipo_residencia'],
                                                              handle_missing='return_nan',
                                                              use_cat_names=True))),
                ('actual_estimator',
                 LGBMClassifier(bagging_fraction=0.9, bagging_freq=3,
                                class_weight='balanced', feature_fraction=0.5,
                                learning_rate=0.4, min_child_samples=6,
                                min_split_gain=0.3, n_estimators=20, n_jobs=-1,
                                num_leaves=150, random_state=123,
                                reg_alpha=0.005, reg_lambda=0.0005))]), probability_threshold=None, encoded_labels=False, raw_score=False, round=4, verbose=True, ml_usecase=None, preprocess=True, encode_labels=<function _SupervisedExperiment.predict_model.<locals>.encode_labels at 0x0000024A28051120>)
2025-01-26 10:41:22,596:INFO:Checking exceptions
2025-01-26 10:41:22,596:INFO:Preloading libraries
2025-01-26 10:41:22,597:INFO:Set up data.
2025-01-26 10:41:22,622:INFO:Set up index.
2025-01-26 10:43:30,174:INFO:Initializing load_model()
2025-01-26 10:43:30,174:INFO:load_model(model_name=Final LightGBM Model, platform=None, authentication=None, verbose=True)
2025-01-26 10:43:30,183:WARNING:C:\Users\rodri\anaconda3\Lib\site-packages\pycaret\internal\pipeline.py:148: UserWarning: Version mismatch:
current: {'deps_info': {'pip': '24.3.1', 'setuptools': '75.8.0', 'pycaret': '3.3.2', 'IPython': '8.12.0', 'ipywidgets': '8.0.4', 'tqdm': '4.65.0', 'numpy': '1.26.4', 'pandas': '2.1.4', 'jinja2': '3.1.2', 'scipy': '1.10.1', 'joblib': '1.3.2', 'sklearn': '1.4.2', 'pyod': '2.0.3', 'imblearn': '0.13.0', 'category_encoders': '2.7.0', 'lightgbm': '4.5.0', 'numba': '0.60.0', 'requests': '2.31.0', 'matplotlib': '3.7.1', 'scikitplot': '0.3.7', 'yellowbrick': '1.5', 'plotly': '5.24.1', 'plotly-resampler': 'Not installed', 'kaleido': '0.2.1', 'schemdraw': '0.15', 'statsmodels': '0.14.0', 'sktime': '0.26.0', 'tbats': '1.1.3', 'pmdarima': '2.0.4', 'psutil': '5.9.0', 'markupsafe': '2.1.1', 'pickle5': 'Not installed', 'cloudpickle': '2.2.1', 'deprecation': '2.1.0', 'xxhash': '3.5.0', 'wurlitzer': 'Not installed'}, 'python': {'version': '3.11.4', 'machine': 'AMD64'}}
pickle: {'deps_info': {'pip': '24.3.1', 'setuptools': '68.0.0', 'pycaret': '3.3.2', 'IPython': '8.12.0', 'ipywidgets': '8.0.4', 'tqdm': '4.65.0', 'numpy': '1.24.3', 'pandas': '2.1.4', 'jinja2': '3.1.2', 'scipy': '1.10.1', 'joblib': '1.3.2', 'sklearn': '1.4.2', 'pyod': '2.0.3', 'imblearn': '0.13.0', 'category_encoders': '2.7.0', 'lightgbm': '4.5.0', 'numba': '0.60.0', 'requests': '2.31.0', 'matplotlib': '3.7.1', 'scikitplot': '0.3.7', 'yellowbrick': '1.5', 'plotly': '5.24.1', 'plotly-resampler': 'Not installed', 'kaleido': '0.2.1', 'schemdraw': '0.15', 'statsmodels': '0.14.0', 'sktime': '0.26.0', 'tbats': '1.1.3', 'pmdarima': '2.0.4', 'psutil': '5.9.0', 'markupsafe': '2.1.1', 'pickle5': 'Not installed', 'cloudpickle': '2.2.1', 'deprecation': '2.1.0', 'xxhash': '3.5.0', 'wurlitzer': 'Not installed'}, 'python': {'version': '3.11.4', 'machine': 'AMD64'}}
  warnings.warn(

2025-01-26 10:43:32,318:INFO:Initializing load_model()
2025-01-26 10:43:32,318:INFO:load_model(model_name=Final LightGBM Model, platform=None, authentication=None, verbose=True)
2025-01-26 10:43:32,328:WARNING:C:\Users\rodri\anaconda3\Lib\site-packages\pycaret\internal\pipeline.py:148: UserWarning: Version mismatch:
current: {'deps_info': {'pip': '24.3.1', 'setuptools': '75.8.0', 'pycaret': '3.3.2', 'IPython': '8.12.0', 'ipywidgets': '8.0.4', 'tqdm': '4.65.0', 'numpy': '1.26.4', 'pandas': '2.1.4', 'jinja2': '3.1.2', 'scipy': '1.10.1', 'joblib': '1.3.2', 'sklearn': '1.4.2', 'pyod': '2.0.3', 'imblearn': '0.13.0', 'category_encoders': '2.7.0', 'lightgbm': '4.5.0', 'numba': '0.60.0', 'requests': '2.31.0', 'matplotlib': '3.7.1', 'scikitplot': '0.3.7', 'yellowbrick': '1.5', 'plotly': '5.24.1', 'plotly-resampler': 'Not installed', 'kaleido': '0.2.1', 'schemdraw': '0.15', 'statsmodels': '0.14.0', 'sktime': '0.26.0', 'tbats': '1.1.3', 'pmdarima': '2.0.4', 'psutil': '5.9.0', 'markupsafe': '2.1.1', 'pickle5': 'Not installed', 'cloudpickle': '2.2.1', 'deprecation': '2.1.0', 'xxhash': '3.5.0', 'wurlitzer': 'Not installed'}, 'python': {'version': '3.11.4', 'machine': 'AMD64'}}
pickle: {'deps_info': {'pip': '24.3.1', 'setuptools': '68.0.0', 'pycaret': '3.3.2', 'IPython': '8.12.0', 'ipywidgets': '8.0.4', 'tqdm': '4.65.0', 'numpy': '1.24.3', 'pandas': '2.1.4', 'jinja2': '3.1.2', 'scipy': '1.10.1', 'joblib': '1.3.2', 'sklearn': '1.4.2', 'pyod': '2.0.3', 'imblearn': '0.13.0', 'category_encoders': '2.7.0', 'lightgbm': '4.5.0', 'numba': '0.60.0', 'requests': '2.31.0', 'matplotlib': '3.7.1', 'scikitplot': '0.3.7', 'yellowbrick': '1.5', 'plotly': '5.24.1', 'plotly-resampler': 'Not installed', 'kaleido': '0.2.1', 'schemdraw': '0.15', 'statsmodels': '0.14.0', 'sktime': '0.26.0', 'tbats': '1.1.3', 'pmdarima': '2.0.4', 'psutil': '5.9.0', 'markupsafe': '2.1.1', 'pickle5': 'Not installed', 'cloudpickle': '2.2.1', 'deprecation': '2.1.0', 'xxhash': '3.5.0', 'wurlitzer': 'Not installed'}, 'python': {'version': '3.11.4', 'machine': 'AMD64'}}
  warnings.warn(

2025-01-26 10:43:36,271:INFO:Initializing predict_model()
2025-01-26 10:43:36,272:INFO:predict_model(self=<pycaret.classification.oop.ClassificationExperiment object at 0x0000024A15319490>, estimator=Pipeline(memory=Memory(location=None),
         steps=[('numerical_imputer',
                 TransformerWrapper(include=['qtd_filhos', 'idade',
                                             'tempo_emprego',
                                             'qt_pessoas_residencia', 'renda'],
                                    transformer=SimpleImputer())),
                ('categorical_imputer',
                 TransformerWrapper(include=['sexo', 'posse_de_veiculo',
                                             'posse_de_imovel', 'tipo_renda',
                                             'educacao', 'estado_civil',
                                             'tipo_residencia'],
                                    tra...
                                                                    'estado_civil',
                                                                    'tipo_residencia'],
                                                              handle_missing='return_nan',
                                                              use_cat_names=True))),
                ('actual_estimator',
                 LGBMClassifier(bagging_fraction=0.9, bagging_freq=3,
                                class_weight='balanced', feature_fraction=0.5,
                                learning_rate=0.4, min_child_samples=6,
                                min_split_gain=0.3, n_estimators=20, n_jobs=-1,
                                num_leaves=150, random_state=123,
                                reg_alpha=0.005, reg_lambda=0.0005))]), probability_threshold=None, encoded_labels=False, raw_score=False, round=4, verbose=True, ml_usecase=None, preprocess=True, encode_labels=<function _SupervisedExperiment.predict_model.<locals>.encode_labels at 0x0000024A280516C0>)
2025-01-26 10:43:36,272:INFO:Checking exceptions
2025-01-26 10:43:36,272:INFO:Preloading libraries
2025-01-26 10:43:36,272:INFO:Set up data.
2025-01-26 10:43:36,316:INFO:Set up index.
2025-01-26 10:45:31,533:WARNING:
'cuml' is a soft dependency and not included in the pycaret installation. Please run: `pip install cuml` to install.
2025-01-26 10:45:31,533:WARNING:
'cuml' is a soft dependency and not included in the pycaret installation. Please run: `pip install cuml` to install.
2025-01-26 10:45:31,533:WARNING:
'cuml' is a soft dependency and not included in the pycaret installation. Please run: `pip install cuml` to install.
2025-01-26 10:45:31,533:WARNING:
'cuml' is a soft dependency and not included in the pycaret installation. Please run: `pip install cuml` to install.
2025-01-26 10:45:39,872:INFO:Initializing load_model()
2025-01-26 10:45:39,872:INFO:load_model(model_name=Final LightGBM Model, platform=None, authentication=None, verbose=True)
2025-01-26 10:45:39,923:WARNING:C:\Users\rodri\AppData\Local\Programs\Python\Python310\lib\site-packages\pycaret\internal\pipeline.py:148: UserWarning: Version mismatch:
current: {'deps_info': {'pip': '24.3.1', 'setuptools': '57.4.0', 'pycaret': '3.3.2', 'IPython': '8.31.0', 'ipywidgets': '8.1.5', 'tqdm': '4.67.1', 'numpy': '1.26.4', 'pandas': '2.1.4', 'jinja2': '3.1.5', 'scipy': '1.11.4', 'joblib': '1.3.2', 'sklearn': '1.4.2', 'pyod': '2.0.3', 'imblearn': '0.13.0', 'category_encoders': '2.7.0', 'lightgbm': '4.5.0', 'numba': '0.61.0', 'requests': '2.32.3', 'matplotlib': '3.7.5', 'scikitplot': '0.3.7', 'yellowbrick': '1.5', 'plotly': '5.24.1', 'plotly-resampler': 'Not installed', 'kaleido': '0.2.1', 'schemdraw': '0.15', 'statsmodels': '0.14.4', 'sktime': '0.26.0', 'tbats': '1.1.3', 'pmdarima': '2.0.4', 'psutil': '6.1.1', 'markupsafe': '3.0.2', 'pickle5': 'Not installed', 'cloudpickle': '3.1.1', 'deprecation': '2.1.0', 'xxhash': '3.5.0', 'wurlitzer': 'Not installed'}, 'python': {'version': '3.10.0', 'machine': 'AMD64'}}
pickle: {'deps_info': {'pip': '24.3.1', 'setuptools': '68.0.0', 'pycaret': '3.3.2', 'IPython': '8.12.0', 'ipywidgets': '8.0.4', 'tqdm': '4.65.0', 'numpy': '1.24.3', 'pandas': '2.1.4', 'jinja2': '3.1.2', 'scipy': '1.10.1', 'joblib': '1.3.2', 'sklearn': '1.4.2', 'pyod': '2.0.3', 'imblearn': '0.13.0', 'category_encoders': '2.7.0', 'lightgbm': '4.5.0', 'numba': '0.60.0', 'requests': '2.31.0', 'matplotlib': '3.7.1', 'scikitplot': '0.3.7', 'yellowbrick': '1.5', 'plotly': '5.24.1', 'plotly-resampler': 'Not installed', 'kaleido': '0.2.1', 'schemdraw': '0.15', 'statsmodels': '0.14.0', 'sktime': '0.26.0', 'tbats': '1.1.3', 'pmdarima': '2.0.4', 'psutil': '5.9.0', 'markupsafe': '2.1.1', 'pickle5': 'Not installed', 'cloudpickle': '2.2.1', 'deprecation': '2.1.0', 'xxhash': '3.5.0', 'wurlitzer': 'Not installed'}, 'python': {'version': '3.11.4', 'machine': 'AMD64'}}
  warnings.warn(

2025-01-26 10:45:43,967:INFO:Initializing load_model()
2025-01-26 10:45:43,967:INFO:load_model(model_name=Final LightGBM Model, platform=None, authentication=None, verbose=True)
2025-01-26 10:45:43,979:WARNING:C:\Users\rodri\AppData\Local\Programs\Python\Python310\lib\site-packages\pycaret\internal\pipeline.py:148: UserWarning: Version mismatch:
current: {'deps_info': {'pip': '24.3.1', 'setuptools': '57.4.0', 'pycaret': '3.3.2', 'IPython': '8.31.0', 'ipywidgets': '8.1.5', 'tqdm': '4.67.1', 'numpy': '1.26.4', 'pandas': '2.1.4', 'jinja2': '3.1.5', 'scipy': '1.11.4', 'joblib': '1.3.2', 'sklearn': '1.4.2', 'pyod': '2.0.3', 'imblearn': '0.13.0', 'category_encoders': '2.7.0', 'lightgbm': '4.5.0', 'numba': '0.61.0', 'requests': '2.32.3', 'matplotlib': '3.7.5', 'scikitplot': '0.3.7', 'yellowbrick': '1.5', 'plotly': '5.24.1', 'plotly-resampler': 'Not installed', 'kaleido': '0.2.1', 'schemdraw': '0.15', 'statsmodels': '0.14.4', 'sktime': '0.26.0', 'tbats': '1.1.3', 'pmdarima': '2.0.4', 'psutil': '6.1.1', 'markupsafe': '3.0.2', 'pickle5': 'Not installed', 'cloudpickle': '3.1.1', 'deprecation': '2.1.0', 'xxhash': '3.5.0', 'wurlitzer': 'Not installed'}, 'python': {'version': '3.10.0', 'machine': 'AMD64'}}
pickle: {'deps_info': {'pip': '24.3.1', 'setuptools': '68.0.0', 'pycaret': '3.3.2', 'IPython': '8.12.0', 'ipywidgets': '8.0.4', 'tqdm': '4.65.0', 'numpy': '1.24.3', 'pandas': '2.1.4', 'jinja2': '3.1.2', 'scipy': '1.10.1', 'joblib': '1.3.2', 'sklearn': '1.4.2', 'pyod': '2.0.3', 'imblearn': '0.13.0', 'category_encoders': '2.7.0', 'lightgbm': '4.5.0', 'numba': '0.60.0', 'requests': '2.31.0', 'matplotlib': '3.7.1', 'scikitplot': '0.3.7', 'yellowbrick': '1.5', 'plotly': '5.24.1', 'plotly-resampler': 'Not installed', 'kaleido': '0.2.1', 'schemdraw': '0.15', 'statsmodels': '0.14.0', 'sktime': '0.26.0', 'tbats': '1.1.3', 'pmdarima': '2.0.4', 'psutil': '5.9.0', 'markupsafe': '2.1.1', 'pickle5': 'Not installed', 'cloudpickle': '2.2.1', 'deprecation': '2.1.0', 'xxhash': '3.5.0', 'wurlitzer': 'Not installed'}, 'python': {'version': '3.11.4', 'machine': 'AMD64'}}
  warnings.warn(

2025-01-26 10:45:47,763:INFO:Initializing predict_model()
2025-01-26 10:45:47,763:INFO:predict_model(self=<pycaret.classification.oop.ClassificationExperiment object at 0x000001CCD35928F0>, estimator=Pipeline(memory=Memory(location=None),
         steps=[('numerical_imputer',
                 TransformerWrapper(include=['qtd_filhos', 'idade',
                                             'tempo_emprego',
                                             'qt_pessoas_residencia', 'renda'],
                                    transformer=SimpleImputer())),
                ('categorical_imputer',
                 TransformerWrapper(include=['sexo', 'posse_de_veiculo',
                                             'posse_de_imovel', 'tipo_renda',
                                             'educacao', 'estado_civil',
                                             'tipo_residencia'],
                                    tra...
                                                                    'estado_civil',
                                                                    'tipo_residencia'],
                                                              handle_missing='return_nan',
                                                              use_cat_names=True))),
                ('actual_estimator',
                 LGBMClassifier(bagging_fraction=0.9, bagging_freq=3,
                                class_weight='balanced', feature_fraction=0.5,
                                learning_rate=0.4, min_child_samples=6,
                                min_split_gain=0.3, n_estimators=20, n_jobs=-1,
                                num_leaves=150, random_state=123,
                                reg_alpha=0.005, reg_lambda=0.0005))]), probability_threshold=None, encoded_labels=False, raw_score=False, round=4, verbose=True, ml_usecase=None, preprocess=True, encode_labels=<function _SupervisedExperiment.predict_model.<locals>.encode_labels at 0x000001CCD35ADE10>)
2025-01-26 10:45:47,763:INFO:Checking exceptions
2025-01-26 10:45:47,763:INFO:Preloading libraries
2025-01-26 10:45:47,763:INFO:Set up data.
2025-01-26 10:45:47,785:INFO:Set up index.
